{"/Users/melonysmith/Desktop/debugutil/src/debug.js":{"path":"/Users/melonysmith/Desktop/debugutil/src/debug.js","s":{"1":1,"2":1,"3":1,"4":0,"5":0,"6":0,"7":0,"8":0,"9":0},"b":{"1":[0,0],"2":[0,0],"3":[0,0]},"f":{},"fnMap":{},"statementMap":{"1":{"start":{"line":4,"column":0},"end":{"line":4,"column":25}},"2":{"start":{"line":5,"column":0},"end":{"line":5,"column":25}},"3":{"start":{"line":8,"column":0},"end":{"line":18,"column":1}},"4":{"start":{"line":9,"column":2},"end":{"line":17,"column":3}},"5":{"start":{"line":10,"column":4},"end":{"line":16,"column":5}},"6":{"start":{"line":11,"column":8},"end":{"line":11,"column":39}},"7":{"start":{"line":12,"column":11},"end":{"line":16,"column":5}},"8":{"start":{"line":13,"column":8},"end":{"line":13,"column":41}},"9":{"start":{"line":15,"column":8},"end":{"line":15,"column":41}}},"branchMap":{"1":{"line":9,"type":"if","locations":[{"start":{"line":9,"column":2},"end":{"line":9,"column":2}},{"start":{"line":9,"column":2},"end":{"line":9,"column":2}}]},"2":{"line":10,"type":"if","locations":[{"start":{"line":10,"column":4},"end":{"line":10,"column":4}},{"start":{"line":10,"column":4},"end":{"line":10,"column":4}}]},"3":{"line":12,"type":"if","locations":[{"start":{"line":12,"column":11},"end":{"line":12,"column":11}},{"start":{"line":12,"column":11},"end":{"line":12,"column":11}}]}}}}