{"/Users/melonysmith/Desktop/unitTests/src/models/db.js":{"path":"/Users/melonysmith/Desktop/unitTests/src/models/db.js","s":{"1":1,"2":1,"3":1,"4":1,"5":1,"6":1,"7":1,"8":1,"9":1,"10":1,"11":1,"12":1},"b":{},"f":{},"fnMap":{},"statementMap":{"1":{"start":{"line":4,"column":0},"end":{"line":4,"column":39}},"2":{"start":{"line":5,"column":0},"end":{"line":5,"column":31}},"3":{"start":{"line":6,"column":0},"end":{"line":6,"column":40}},"4":{"start":{"line":9,"column":0},"end":{"line":9,"column":27}},"5":{"start":{"line":12,"column":0},"end":{"line":12,"column":30}},"6":{"start":{"line":16,"column":0},"end":{"line":29,"column":5}},"7":{"start":{"line":32,"column":0},"end":{"line":32,"column":25}},"8":{"start":{"line":33,"column":0},"end":{"line":33,"column":75}},"9":{"start":{"line":36,"column":0},"end":{"line":43,"column":3}},"10":{"start":{"line":46,"column":0},"end":{"line":46,"column":17}},"11":{"start":{"line":49,"column":0},"end":{"line":49,"column":30}},"12":{"start":{"line":50,"column":0},"end":{"line":50,"column":18}}},"branchMap":{}},"/Users/melonysmith/Desktop/unitTests/src/lib/debug.js":{"path":"/Users/melonysmith/Desktop/unitTests/src/lib/debug.js","s":{"1":1,"2":1,"3":1,"4":1,"5":3,"6":3,"7":3,"8":3,"9":3,"10":0,"11":3},"b":{"1":[3,0],"2":[0,3]},"f":{},"fnMap":{},"statementMap":{"1":{"start":{"line":5,"column":0},"end":{"line":5,"column":31}},"2":{"start":{"line":6,"column":0},"end":{"line":6,"column":25}},"3":{"start":{"line":8,"column":0},"end":{"line":8,"column":26}},"4":{"start":{"line":10,"column":0},"end":{"line":20,"column":2}},"5":{"start":{"line":11,"column":2},"end":{"line":11,"column":79}},"6":{"start":{"line":12,"column":2},"end":{"line":12,"column":47}},"7":{"start":{"line":13,"column":2},"end":{"line":15,"column":3}},"8":{"start":{"line":14,"column":4},"end":{"line":14,"column":18}},"9":{"start":{"line":16,"column":2},"end":{"line":18,"column":3}},"10":{"start":{"line":17,"column":4},"end":{"line":17,"column":44}},"11":{"start":{"line":19,"column":2},"end":{"line":19,"column":42}}},"branchMap":{"1":{"line":13,"type":"if","locations":[{"start":{"line":13,"column":2},"end":{"line":13,"column":2}},{"start":{"line":13,"column":2},"end":{"line":13,"column":2}}]},"2":{"line":16,"type":"if","locations":[{"start":{"line":16,"column":2},"end":{"line":16,"column":2}},{"start":{"line":16,"column":2},"end":{"line":16,"column":2}}]}}},"/Users/melonysmith/Desktop/unitTests/src/lib/genShortURL.js":{"path":"/Users/melonysmith/Desktop/unitTests/src/lib/genShortURL.js","s":{"1":1,"2":0,"3":0,"4":0,"5":0,"6":0,"7":0,"8":1},"b":{},"f":{"1":0},"fnMap":{"1":{"name":"genShortURL","line":4,"loc":{"start":{"line":4,"column":0},"end":{"line":4,"column":23}}}},"statementMap":{"1":{"start":{"line":4,"column":0},"end":{"line":22,"column":1}},"2":{"start":{"line":6,"column":2},"end":{"line":6,"column":80}},"3":{"start":{"line":8,"column":2},"end":{"line":8,"column":30}},"4":{"start":{"line":10,"column":2},"end":{"line":10,"column":27}},"5":{"start":{"line":14,"column":2},"end":{"line":18,"column":3}},"6":{"start":{"line":17,"column":4},"end":{"line":17,"column":78}},"7":{"start":{"line":21,"column":2},"end":{"line":21,"column":25}},"8":{"start":{"line":25,"column":0},"end":{"line":25,"column":34}}},"branchMap":{}},"/Users/melonysmith/Desktop/unitTests/src/server.js":{"path":"/Users/melonysmith/Desktop/unitTests/src/server.js","s":{"1":1,"2":1,"3":1,"4":1,"5":1,"6":1,"7":1,"8":1,"9":1,"10":1,"11":1,"12":1,"13":1,"14":1,"15":1,"16":1},"b":{"1":[1,1]},"f":{},"fnMap":{},"statementMap":{"1":{"start":{"line":4,"column":0},"end":{"line":4,"column":35}},"2":{"start":{"line":5,"column":0},"end":{"line":5,"column":42}},"3":{"start":{"line":6,"column":0},"end":{"line":6,"column":31}},"4":{"start":{"line":7,"column":0},"end":{"line":7,"column":39}},"5":{"start":{"line":10,"column":0},"end":{"line":10,"column":27}},"6":{"start":{"line":13,"column":0},"end":{"line":13,"column":29}},"7":{"start":{"line":14,"column":0},"end":{"line":14,"column":26}},"8":{"start":{"line":17,"column":0},"end":{"line":17,"column":22}},"9":{"start":{"line":20,"column":0},"end":{"line":20,"column":38}},"10":{"start":{"line":23,"column":0},"end":{"line":25,"column":4}},"11":{"start":{"line":26,"column":0},"end":{"line":26,"column":27}},"12":{"start":{"line":29,"column":0},"end":{"line":29,"column":43}},"13":{"start":{"line":32,"column":0},"end":{"line":32,"column":83}},"14":{"start":{"line":35,"column":0},"end":{"line":37,"column":3}},"15":{"start":{"line":36,"column":2},"end":{"line":36,"column":69}},"16":{"start":{"line":40,"column":0},"end":{"line":40,"column":24}}},"branchMap":{"1":{"line":20,"type":"binary-expr","locations":[{"start":{"line":20,"column":13},"end":{"line":20,"column":29}},{"start":{"line":20,"column":33},"end":{"line":20,"column":37}}]}}},"/Users/melonysmith/Desktop/unitTests/src/routes/index.js":{"path":"/Users/melonysmith/Desktop/unitTests/src/routes/index.js","s":{"1":1,"2":1,"3":1,"4":1,"5":1,"6":1,"7":1,"8":1,"9":0,"10":0,"11":1,"12":0,"13":0,"14":0,"15":0,"16":0,"17":0,"18":1,"19":1},"b":{},"f":{},"fnMap":{},"statementMap":{"1":{"start":{"line":4,"column":0},"end":{"line":4,"column":31}},"2":{"start":{"line":5,"column":0},"end":{"line":5,"column":37}},"3":{"start":{"line":6,"column":0},"end":{"line":6,"column":42}},"4":{"start":{"line":9,"column":0},"end":{"line":9,"column":28}},"5":{"start":{"line":10,"column":0},"end":{"line":10,"column":24}},"6":{"start":{"line":13,"column":0},"end":{"line":43,"column":2}},"7":{"start":{"line":15,"column":2},"end":{"line":15,"column":34}},"8":{"start":{"line":18,"column":2},"end":{"line":24,"column":5}},"9":{"start":{"line":20,"column":4},"end":{"line":22,"column":7}},"10":{"start":{"line":23,"column":4},"end":{"line":23,"column":49}},"11":{"start":{"line":27,"column":2},"end":{"line":36,"column":5}},"12":{"start":{"line":28,"column":4},"end":{"line":28,"column":37}},"13":{"start":{"line":29,"column":4},"end":{"line":35,"column":7}},"14":{"start":{"line":30,"column":6},"end":{"line":30,"column":60}},"15":{"start":{"line":31,"column":6},"end":{"line":31,"column":32}},"16":{"start":{"line":33,"column":6},"end":{"line":33,"column":65}},"17":{"start":{"line":34,"column":6},"end":{"line":34,"column":53}},"18":{"start":{"line":39,"column":2},"end":{"line":39,"column":55}},"19":{"start":{"line":42,"column":2},"end":{"line":42,"column":16}}},"branchMap":{}},"/Users/melonysmith/Desktop/unitTests/src/models/url.js":{"path":"/Users/melonysmith/Desktop/unitTests/src/models/url.js","s":{"1":1,"2":1,"3":0,"4":1,"5":0,"6":1,"7":0,"8":1,"9":0,"10":1,"11":0,"12":0,"13":1,"14":0},"b":{},"f":{},"fnMap":{},"statementMap":{"1":{"start":{"line":4,"column":0},"end":{"line":4,"column":27}},"2":{"start":{"line":7,"column":0},"end":{"line":9,"column":2}},"3":{"start":{"line":8,"column":2},"end":{"line":8,"column":50}},"4":{"start":{"line":13,"column":0},"end":{"line":15,"column":2}},"5":{"start":{"line":14,"column":2},"end":{"line":14,"column":44}},"6":{"start":{"line":18,"column":0},"end":{"line":28,"column":2}},"7":{"start":{"line":19,"column":2},"end":{"line":27,"column":30}},"8":{"start":{"line":31,"column":0},"end":{"line":41,"column":2}},"9":{"start":{"line":32,"column":2},"end":{"line":40,"column":30}},"10":{"start":{"line":44,"column":0},"end":{"line":52,"column":2}},"11":{"start":{"line":45,"column":2},"end":{"line":51,"column":16}},"12":{"start":{"line":50,"column":4},"end":{"line":50,"column":68}},"13":{"start":{"line":55,"column":0},"end":{"line":61,"column":2}},"14":{"start":{"line":56,"column":2},"end":{"line":60,"column":30}}},"branchMap":{}},"/Users/melonysmith/Desktop/unitTests/src/routes/api/url.js":{"path":"/Users/melonysmith/Desktop/unitTests/src/routes/api/url.js","s":{"1":1,"2":1,"3":1,"4":1,"5":1,"6":1,"7":1,"8":1,"9":1,"10":0,"11":0,"12":0,"13":0,"14":0,"15":0,"16":1,"17":0,"18":0,"19":0,"20":0,"21":0,"22":1,"23":0,"24":0,"25":0,"26":0,"27":0,"28":0,"29":1,"30":0,"31":0,"32":0,"33":0,"34":0,"35":0,"36":1,"37":0,"38":0,"39":0,"40":0,"41":0,"42":0,"43":1},"b":{},"f":{},"fnMap":{},"statementMap":{"1":{"start":{"line":4,"column":0},"end":{"line":4,"column":31}},"2":{"start":{"line":5,"column":0},"end":{"line":5,"column":40}},"3":{"start":{"line":6,"column":0},"end":{"line":6,"column":43}},"4":{"start":{"line":7,"column":0},"end":{"line":7,"column":53}},"5":{"start":{"line":10,"column":0},"end":{"line":10,"column":28}},"6":{"start":{"line":11,"column":0},"end":{"line":11,"column":24}},"7":{"start":{"line":14,"column":0},"end":{"line":83,"column":2}},"8":{"start":{"line":16,"column":2},"end":{"line":16,"column":34}},"9":{"start":{"line":20,"column":2},"end":{"line":33,"column":5}},"10":{"start":{"line":23,"column":4},"end":{"line":23,"column":50}},"11":{"start":{"line":26,"column":4},"end":{"line":32,"column":7}},"12":{"start":{"line":27,"column":6},"end":{"line":27,"column":76}},"13":{"start":{"line":28,"column":6},"end":{"line":28,"column":32}},"14":{"start":{"line":30,"column":6},"end":{"line":30,"column":80}},"15":{"start":{"line":31,"column":6},"end":{"line":31,"column":33}},"16":{"start":{"line":37,"column":2},"end":{"line":45,"column":5}},"17":{"start":{"line":38,"column":4},"end":{"line":44,"column":7}},"18":{"start":{"line":39,"column":6},"end":{"line":39,"column":86}},"19":{"start":{"line":40,"column":6},"end":{"line":40,"column":32}},"20":{"start":{"line":42,"column":6},"end":{"line":42,"column":83}},"21":{"start":{"line":43,"column":6},"end":{"line":43,"column":33}},"22":{"start":{"line":48,"column":2},"end":{"line":56,"column":5}},"23":{"start":{"line":49,"column":4},"end":{"line":49,"column":34}},"24":{"start":{"line":50,"column":4},"end":{"line":55,"column":7}},"25":{"start":{"line":51,"column":6},"end":{"line":51,"column":82}},"26":{"start":{"line":52,"column":6},"end":{"line":52,"column":32}},"27":{"start":{"line":53,"column":6},"end":{"line":53,"column":73}},"28":{"start":{"line":54,"column":6},"end":{"line":54,"column":29}},"29":{"start":{"line":59,"column":2},"end":{"line":68,"column":5}},"30":{"start":{"line":60,"column":4},"end":{"line":60,"column":32}},"31":{"start":{"line":61,"column":4},"end":{"line":67,"column":7}},"32":{"start":{"line":62,"column":6},"end":{"line":62,"column":76}},"33":{"start":{"line":63,"column":6},"end":{"line":63,"column":32}},"34":{"start":{"line":65,"column":6},"end":{"line":65,"column":81}},"35":{"start":{"line":66,"column":6},"end":{"line":66,"column":33}},"36":{"start":{"line":71,"column":2},"end":{"line":79,"column":5}},"37":{"start":{"line":72,"column":4},"end":{"line":72,"column":33}},"38":{"start":{"line":73,"column":4},"end":{"line":78,"column":7}},"39":{"start":{"line":74,"column":6},"end":{"line":74,"column":76}},"40":{"start":{"line":75,"column":6},"end":{"line":75,"column":32}},"41":{"start":{"line":76,"column":6},"end":{"line":76,"column":75}},"42":{"start":{"line":77,"column":6},"end":{"line":77,"column":29}},"43":{"start":{"line":82,"column":2},"end":{"line":82,"column":16}}},"branchMap":{}}}