TN:
SF:/Users/melonysmith/Desktop/unitTests/src/models/db.js
FNF:0
FNH:0
DA:4,1
DA:5,1
DA:6,1
DA:9,1
DA:12,1
DA:16,1
DA:32,1
DA:33,1
DA:36,1
DA:46,1
DA:49,1
DA:50,1
LF:12
LH:12
BRF:0
BRH:0
end_of_record
TN:
SF:/Users/melonysmith/Desktop/unitTests/src/lib/debug.js
FNF:0
FNH:0
DA:5,1
DA:6,1
DA:8,1
DA:10,1
DA:11,3
DA:12,3
DA:13,3
DA:14,3
DA:16,3
DA:17,0
DA:19,3
LF:11
LH:10
BRDA:13,1,0,3
BRDA:13,1,1,0
BRDA:16,2,0,0
BRDA:16,2,1,3
BRF:4
BRH:2
end_of_record
TN:
SF:/Users/melonysmith/Desktop/unitTests/src/lib/genShortURL.js
FN:4,genShortURL
FNF:1
FNH:0
FNDA:0,genShortURL
DA:4,1
DA:6,0
DA:8,0
DA:10,0
DA:14,0
DA:17,0
DA:21,0
DA:25,1
LF:8
LH:2
BRF:0
BRH:0
end_of_record
TN:
SF:/Users/melonysmith/Desktop/unitTests/src/server.js
FNF:0
FNH:0
DA:4,1
DA:5,1
DA:6,1
DA:7,1
DA:10,1
DA:13,1
DA:14,1
DA:17,1
DA:20,1
DA:23,1
DA:26,1
DA:29,1
DA:32,1
DA:35,1
DA:36,1
DA:40,1
LF:16
LH:16
BRDA:20,1,0,1
BRDA:20,1,1,1
BRF:2
BRH:2
end_of_record
TN:
SF:/Users/melonysmith/Desktop/unitTests/src/routes/index.js
FNF:0
FNH:0
DA:4,1
DA:5,1
DA:6,1
DA:9,1
DA:10,1
DA:13,1
DA:15,1
DA:18,1
DA:20,0
DA:23,0
DA:27,1
DA:28,0
DA:29,0
DA:30,0
DA:31,0
DA:33,0
DA:34,0
DA:39,1
DA:42,1
LF:19
LH:11
BRF:0
BRH:0
end_of_record
TN:
SF:/Users/melonysmith/Desktop/unitTests/src/models/url.js
FNF:0
FNH:0
DA:4,1
DA:7,1
DA:8,0
DA:13,1
DA:14,0
DA:18,1
DA:19,0
DA:31,1
DA:32,0
DA:44,1
DA:45,0
DA:50,0
DA:55,1
DA:56,0
LF:14
LH:7
BRF:0
BRH:0
end_of_record
TN:
SF:/Users/melonysmith/Desktop/unitTests/src/routes/api/url.js
FNF:0
FNH:0
DA:4,1
DA:5,1
DA:6,1
DA:7,1
DA:10,1
DA:11,1
DA:14,1
DA:16,1
DA:20,1
DA:23,0
DA:26,0
DA:27,0
DA:28,0
DA:30,0
DA:31,0
DA:37,1
DA:38,0
DA:39,0
DA:40,0
DA:42,0
DA:43,0
DA:48,1
DA:49,0
DA:50,0
DA:51,0
DA:52,0
DA:53,0
DA:54,0
DA:59,1
DA:60,0
DA:61,0
DA:62,0
DA:63,0
DA:65,0
DA:66,0
DA:71,1
DA:72,0
DA:73,0
DA:74,0
DA:75,0
DA:76,0
DA:77,0
DA:82,1
LF:43
LH:14
BRF:0
BRH:0
end_of_record
